Welcome to the FSC Grade Book.

The following course(s) have been added to the database:
	 CSC-2290
	 CSC-3280
	 CSC-2100

Command: DISPLAYSTUDENTS (ALL)
	ERROR: there are no students currently in the system.

Command: DISPLAYSTATS (ALL)
Statistical Results for All Courses:
   Total number of student records: 0
   Average Score: 0.00
   Highest Score: 0.00
   Lowest Score:  0.00
   Total 'A' Grades: 0  (0.00% of class)
   Total 'B' Grades: 0  (0.00% of class)
   Total 'C' Grades: 0  (0.00% of class)
   Total 'D' Grades: 0  (0.00% of class)
   Total 'F' Grades: 0  (0.00% of class)

Command: SEARCHBYID
	ERROR: there is no record for student ID# 111.

Command: SEARCHBYNAME
	ERROR: there is no record for student "Kalyn Salido".

Command: ADDRECORD
	ERROR: cannot add student. Course "CSC-2207" does not exist.

Command: ADDRECORD
   Kalyn Salido (ID# 111) has been added to CSC-3280.
   Final Grade: 90.10 (A).

Command: SEARCHBYNAME
	ERROR: there is no record for student "Kalyn Salido".

Command: SEARCHBYID
	ERROR: there is no record for student ID# 111.

Command: DISPLAYSTATS (CSC-3280)
Statistical Results of CSC-3280:
	Total number of student records: 2
	Average Score: 45.05
	Highest Score: 90.10
	Lowest Score:  90.10
	Total 'A' Grades:   1 ( 50.00% of class)
	Total 'B' Grades:   0 (  0.00% of class)
	Total 'C' Grades:   0 (  0.00% of class)
	Total 'D' Grades:   0 (  0.00% of class)
	Total 'F' Grades:   0 (  0.00% of class)

Command: DISPLAYSTUDENTS (CSC-3280)
Course Roster for CSC-3280
	Kalyn Salido (ID # 111):
		Exam 1:       90
		Exam 2:       85
		Final Exam:   94
		Final Grade:  90.10
		Letter Grade: A

Command: DISPLAYSTUDENTS (CSC-2100)
	ERROR: there are no student records for CSC-2100.

Command: ADDRECORD
   Samuel Rogers (ID# 871) has been added to CSC-2290.
   Final Grade: 80.80 (B).

Command: ADDRECORD
   Wesley Herrick (ID# 253) has been added to CSC-2100.
   Final Grade: 60.00 (D).

Command: DISPLAYSTATS (ALL)
Statistical Results of CSC-2290:
	Total number of student records: 4
	Average Score: 20.20
	Highest Score: 80.80
	Lowest Score:  80.80
	Total 'A' Grades:   0 (  0.00% of class)
	Total 'B' Grades:   1 ( 25.00% of class)
	Total 'C' Grades:   0 (  0.00% of class)
	Total 'D' Grades:   0 (  0.00% of class)
	Total 'F' Grades:   0 (  0.00% of class)

Command: SEARCHBYID
	Samuel Rogers (ID # 871):
		Exam 1:       90
		Exam 2:       70
		Final Exam:   82
		Final Grade:  80.80
		Letter Grade: B

	ERROR: there is no record for student ID# 871.

Command: SEARCHBYNAME
	ERROR: there is no record for student "Wesley Herrick".

Command: DISPLAYSTUDENTS (ALL)
Course Roster for CSC-2290
	Samuel Rogers (ID # 871):
		Exam 1:       90
		Exam 2:       70
		Final Exam:   82
		Final Grade:  80.80
		Letter Grade: B
Course Roster for CSC-3280
	Kalyn Salido (ID # 111):
		Exam 1:       90
		Exam 2:       85
		Final Exam:   94
		Final Grade:  90.10
		Letter Grade: A
Course Roster for CSC-2100
	Wesley Herrick (ID # 253):
		Exam 1:       40
		Exam 2:       80
		Final Exam:   60
		Final Grade:  60.00
		Letter Grade: D

Command: ADDRECORD
   Student PlaysALot (ID# 584) has been added to CSC-2290.
   Final Grade: 26.20 (F).

Command: ADDRECORD
   Kalyn Salido (ID# 111) has been added to CSC-2100.
   Final Grade: 87.10 (B).

Command: DISPLAYSTUDENTS (CSC-2290)
Course Roster for CSC-2290
	Samuel Rogers (ID # 871):
		Exam 1:       90
		Exam 2:       70
		Final Exam:   82
		Final Grade:  80.80
		Letter Grade: B
	Student PlaysALot (ID # 584):
		Exam 1:       30
		Exam 2:       20
		Final Exam:   28
		Final Grade:  26.20
		Letter Grade: F

Command: DISPLAYSTATS (CSC-2290)
Statistical Results of CSC-2290:
	Total number of student records: 6
	Average Score: 17.83
	Highest Score: 80.80
	Lowest Score:  26.20
	Total 'A' Grades:   0 (  0.00% of class)
	Total 'B' Grades:   1 ( 16.67% of class)
	Total 'C' Grades:   0 (  0.00% of class)
	Total 'D' Grades:   0 (  0.00% of class)
	Total 'F' Grades:   1 ( 16.67% of class)

Command: SEARCHBYID
	ERROR: there is no record for student ID# 111.

Command: ADDRECORD
   Stephan Bradford (ID# 289) has been added to CSC-3280.
   Final Grade: 66.40 (D).

Command: ADDRECORD
   Al Jifri (ID# 124) has been added to CSC-3280.
   Final Grade: 95.80 (A).

Command: ADDRECORD
   Student WhoWorksHard (ID# 777) has been added to CSC-3280.
   Final Grade: 100.00 (A).

Command: DISPLAYSTUDENTS (CSC-3280)
Course Roster for CSC-3280
	Kalyn Salido (ID # 111):
		Exam 1:       90
		Exam 2:       85
		Final Exam:   94
		Final Grade:  90.10
		Letter Grade: A
	Al Jifri (ID # 124):
		Exam 1:       96
		Exam 2:       98
		Final Exam:   94
		Final Grade:  95.80
		Letter Grade: A
	Stephan Bradford (ID # 289):
		Exam 1:       62
		Exam 2:       58
		Final Exam:   76
		Final Grade:  66.40
		Letter Grade: D
	Student WhoWorksHard (ID # 777):
		Exam 1:       100
		Exam 2:       100
		Final Exam:   100
		Final Grade:  100.00
		Letter Grade: A

Command: DISPLAYSTATS (CSC-3280)
Statistical Results of CSC-3280:
	Total number of student records: 9
	Average Score: 39.14
	Highest Score: 100.00
	Lowest Score:  66.40
	Total 'A' Grades:   3 ( 33.33% of class)
	Total 'B' Grades:   0 (  0.00% of class)
	Total 'C' Grades:   0 (  0.00% of class)
	Total 'D' Grades:   1 ( 11.11% of class)
	Total 'F' Grades:   0 (  0.00% of class)

Command: SEARCHBYNAME
	ERROR: there is no record for student "Student WhoWorksHard".

Command: DISPLAYSTATS (ALL)
Statistical Results of CSC-2290:
	Total number of student records: 9
	Average Score: 11.89
	Highest Score: 80.80
	Lowest Score:  26.20
	Total 'A' Grades:   0 (  0.00% of class)
	Total 'B' Grades:   1 ( 11.11% of class)
	Total 'C' Grades:   0 (  0.00% of class)
	Total 'D' Grades:   0 (  0.00% of class)
	Total 'F' Grades:   1 ( 11.11% of class)

Command: DISPLAYSTUDENTS (ALL)
Course Roster for CSC-2290
	Samuel Rogers (ID # 871):
		Exam 1:       90
		Exam 2:       70
		Final Exam:   82
		Final Grade:  80.80
		Letter Grade: B
	Student PlaysALot (ID # 584):
		Exam 1:       30
		Exam 2:       20
		Final Exam:   28
		Final Grade:  26.20
		Letter Grade: F
Course Roster for CSC-3280
	Kalyn Salido (ID # 111):
		Exam 1:       90
		Exam 2:       85
		Final Exam:   94
		Final Grade:  90.10
		Letter Grade: A
	Al Jifri (ID # 124):
		Exam 1:       96
		Exam 2:       98
		Final Exam:   94
		Final Grade:  95.80
		Letter Grade: A
	Stephan Bradford (ID # 289):
		Exam 1:       62
		Exam 2:       58
		Final Exam:   76
		Final Grade:  66.40
		Letter Grade: D
	Student WhoWorksHard (ID # 777):
		Exam 1:       100
		Exam 2:       100
		Final Exam:   100
		Final Grade:  100.00
		Letter Grade: A
Course Roster for CSC-2100
	Wesley Herrick (ID # 253):
		Exam 1:       40
		Exam 2:       80
		Final Exam:   60
		Final Grade:  60.00
		Letter Grade: D
	Kalyn Salido (ID # 111):
		Exam 1:       87
		Exam 2:       82
		Final Exam:   91
		Final Grade:  87.10
		Letter Grade: B

Command: DELETERECORD
	Kalyn Salido (ID 111) has been deleted from CSC-3280
	Kalyn Salido (ID 111) has been deleted from CSC-2100

Command: DISPLAYSTATS (ALL)
Statistical Results of CSC-2290:
	Total number of student records: 9
	Average Score: 11.89
	Highest Score: 80.80
	Lowest Score:  26.20
	Total 'A' Grades:   0 (  0.00% of class)
	Total 'B' Grades:   1 ( 11.11% of class)
	Total 'C' Grades:   0 (  0.00% of class)
	Total 'D' Grades:   0 (  0.00% of class)
	Total 'F' Grades:   1 ( 11.11% of class)

Command: DISPLAYSTUDENTS (ALL)
Course Roster for CSC-2290
	Samuel Rogers (ID # 871):
		Exam 1:       90
		Exam 2:       70
		Final Exam:   82
		Final Grade:  80.80
		Letter Grade: B
	Student PlaysALot (ID # 584):
		Exam 1:       30
		Exam 2:       20
		Final Exam:   28
		Final Grade:  26.20
		Letter Grade: F
Course Roster for CSC-3280
	Al Jifri (ID # 124):
		Exam 1:       96
		Exam 2:       98
		Final Exam:   94
		Final Grade:  95.80
		Letter Grade: A
	Stephan Bradford (ID # 289):
		Exam 1:       62
		Exam 2:       58
		Final Exam:   76
		Final Grade:  66.40
		Letter Grade: D
	Student WhoWorksHard (ID # 777):
		Exam 1:       100
		Exam 2:       100
		Final Exam:   100
		Final Grade:  100.00
		Letter Grade: A
Course Roster for CSC-2100
	Wesley Herrick (ID # 253):
		Exam 1:       40
		Exam 2:       80
		Final Exam:   60
		Final Grade:  60.00
		Letter Grade: D

Command: DELETERECORD
	Wesley Herrick (ID 253) has been deleted from CSC-2100

Command: SEARCHBYID
	ERROR: there is no record for student ID# 111.

Command: SEARCHBYID
	ERROR: there is no record for student ID# 253.

Command: DISPLAYSTATS (ALL)
Statistical Results of CSC-2290:
	Total number of student records: 9
	Average Score: 11.89
	Highest Score: 80.80
	Lowest Score:  26.20
	Total 'A' Grades:   0 (  0.00% of class)
	Total 'B' Grades:   1 ( 11.11% of class)
	Total 'C' Grades:   0 (  0.00% of class)
	Total 'D' Grades:   0 (  0.00% of class)
	Total 'F' Grades:   1 ( 11.11% of class)

Command: DISPLAYSTUDENTS (ALL)
Course Roster for CSC-2290
	Samuel Rogers (ID # 871):
		Exam 1:       90
		Exam 2:       70
		Final Exam:   82
		Final Grade:  80.80
		Letter Grade: B
	Student PlaysALot (ID # 584):
		Exam 1:       30
		Exam 2:       20
		Final Exam:   28
		Final Grade:  26.20
		Letter Grade: F
Course Roster for CSC-3280
	Al Jifri (ID # 124):
		Exam 1:       96
		Exam 2:       98
		Final Exam:   94
		Final Grade:  95.80
		Letter Grade: A
	Stephan Bradford (ID # 289):
		Exam 1:       62
		Exam 2:       58
		Final Exam:   76
		Final Grade:  66.40
		Letter Grade: D
	Student WhoWorksHard (ID # 777):
		Exam 1:       100
		Exam 2:       100
		Final Exam:   100
		Final Grade:  100.00
		Letter Grade: A

Thank you for using the the FSC Grade Book.

Goodbye.
